<?xml version="1.0" encoding="UTF-8"?>
<!-- Generated by org.testng.reporters.JUnitXMLReporter -->
<testsuite ignored="0" hostname="DESKTOP-PTTCL9E" failures="17" tests="17" name="Test" time="4.252" errors="0" timestamp="2023-10-31T22:30:25 IST">
  <testcase classname="Demo_Sep_TestCases.SEARCH_HOTEL_HOTELCONFIRMATION" name="validateErrorMessage" time="0.175">
    <failure type="java.lang.IllegalArgumentException" message="Input must be set">
      <![CDATA[java.lang.IllegalArgumentException: Input must be set
at org.openqa.selenium.internal.Require.nonNull(Require.java:60)
at org.openqa.selenium.support.ui.FluentWait.<init>(FluentWait.java:94)
at org.openqa.selenium.support.ui.WebDriverWait.<init>(WebDriverWait.java:74)
at org.openqa.selenium.support.ui.WebDriverWait.<init>(WebDriverWait.java:43)
at POMfile.loginPage.loginAction(loginPage.java:49)
at POMfile.loginPage.login(loginPage.java:69)
at Demo_Sep_TestCases.SEARCH_HOTEL_HOTELCONFIRMATION.validateErrorMessage(SEARCH_HOTEL_HOTELCONFIRMATION.java:43)
at java.base/java.util.ArrayList.forEach(ArrayList.java:1511)
... Removed 25 stack frames]]>
    </failure>
  </testcase> <!-- validateErrorMessage -->
  <testcase classname="Demo_Sep_TestCases.SEARCH_HOTEL_HOTELCONFIRMATION" name="validateErrorMessage" time="0.008">
    <failure type="java.lang.IllegalArgumentException" message="Input must be set">
      <![CDATA[java.lang.IllegalArgumentException: Input must be set
at org.openqa.selenium.internal.Require.nonNull(Require.java:60)
at org.openqa.selenium.support.ui.FluentWait.<init>(FluentWait.java:94)
at org.openqa.selenium.support.ui.WebDriverWait.<init>(WebDriverWait.java:74)
at org.openqa.selenium.support.ui.WebDriverWait.<init>(WebDriverWait.java:43)
at POMfile.loginPage.loginAction(loginPage.java:49)
at POMfile.loginPage.login(loginPage.java:69)
at Demo_Sep_TestCases.SEARCH_HOTEL_HOTELCONFIRMATION.validateErrorMessage(SEARCH_HOTEL_HOTELCONFIRMATION.java:43)
at java.base/java.util.ArrayList.forEach(ArrayList.java:1511)
... Removed 25 stack frames]]>
    </failure>
  </testcase> <!-- validateErrorMessage -->
  <testcase classname="Demo_Sep_TestCases.SEARCH_HOTEL_HOTELCONFIRMATION" name="validateErrorMessage" time="0.007">
    <failure type="java.lang.IllegalArgumentException" message="Input must be set">
      <![CDATA[java.lang.IllegalArgumentException: Input must be set
at org.openqa.selenium.internal.Require.nonNull(Require.java:60)
at org.openqa.selenium.support.ui.FluentWait.<init>(FluentWait.java:94)
at org.openqa.selenium.support.ui.WebDriverWait.<init>(WebDriverWait.java:74)
at org.openqa.selenium.support.ui.WebDriverWait.<init>(WebDriverWait.java:43)
at POMfile.loginPage.loginAction(loginPage.java:49)
at POMfile.loginPage.login(loginPage.java:69)
at Demo_Sep_TestCases.SEARCH_HOTEL_HOTELCONFIRMATION.validateErrorMessage(SEARCH_HOTEL_HOTELCONFIRMATION.java:43)
at java.base/java.util.ArrayList.forEach(ArrayList.java:1511)
... Removed 25 stack frames]]>
    </failure>
  </testcase> <!-- validateErrorMessage -->
  <testcase classname="Demo_Sep_TestCases.SEARCH_HOTEL_HOTELCONFIRMATION" name="validateErrorMessage" time="0.011">
    <failure type="java.lang.IllegalArgumentException" message="Input must be set">
      <![CDATA[java.lang.IllegalArgumentException: Input must be set
at org.openqa.selenium.internal.Require.nonNull(Require.java:60)
at org.openqa.selenium.support.ui.FluentWait.<init>(FluentWait.java:94)
at org.openqa.selenium.support.ui.WebDriverWait.<init>(WebDriverWait.java:74)
at org.openqa.selenium.support.ui.WebDriverWait.<init>(WebDriverWait.java:43)
at POMfile.loginPage.loginAction(loginPage.java:49)
at POMfile.loginPage.login(loginPage.java:69)
at Demo_Sep_TestCases.SEARCH_HOTEL_HOTELCONFIRMATION.validateErrorMessage(SEARCH_HOTEL_HOTELCONFIRMATION.java:43)
at java.base/java.util.ArrayList.forEach(ArrayList.java:1511)
... Removed 25 stack frames]]>
    </failure>
  </testcase> <!-- validateErrorMessage -->
  <testcase classname="Demo_Sep_TestCases.SEARCH_HOTEL_HOTELCONFIRMATION" name="validateErrorMessage" time="0.008">
    <failure type="java.lang.IllegalArgumentException" message="Input must be set">
      <![CDATA[java.lang.IllegalArgumentException: Input must be set
at org.openqa.selenium.internal.Require.nonNull(Require.java:60)
at org.openqa.selenium.support.ui.FluentWait.<init>(FluentWait.java:94)
at org.openqa.selenium.support.ui.WebDriverWait.<init>(WebDriverWait.java:74)
at org.openqa.selenium.support.ui.WebDriverWait.<init>(WebDriverWait.java:43)
at POMfile.loginPage.loginAction(loginPage.java:49)
at POMfile.loginPage.login(loginPage.java:69)
at Demo_Sep_TestCases.SEARCH_HOTEL_HOTELCONFIRMATION.validateErrorMessage(SEARCH_HOTEL_HOTELCONFIRMATION.java:43)
at java.base/java.util.ArrayList.forEach(ArrayList.java:1511)
... Removed 25 stack frames]]>
    </failure>
  </testcase> <!-- validateErrorMessage -->
  <testcase classname="Demo_Sep_TestCases.SEARCH_HOTEL_HOTELCONFIRMATION" name="validateErrorMessage" time="0.006">
    <failure type="java.lang.IllegalArgumentException" message="Input must be set">
      <![CDATA[java.lang.IllegalArgumentException: Input must be set
at org.openqa.selenium.internal.Require.nonNull(Require.java:60)
at org.openqa.selenium.support.ui.FluentWait.<init>(FluentWait.java:94)
at org.openqa.selenium.support.ui.WebDriverWait.<init>(WebDriverWait.java:74)
at org.openqa.selenium.support.ui.WebDriverWait.<init>(WebDriverWait.java:43)
at POMfile.loginPage.loginAction(loginPage.java:49)
at POMfile.loginPage.login(loginPage.java:69)
at Demo_Sep_TestCases.SEARCH_HOTEL_HOTELCONFIRMATION.validateErrorMessage(SEARCH_HOTEL_HOTELCONFIRMATION.java:43)
at java.base/java.util.ArrayList.forEach(ArrayList.java:1511)
... Removed 25 stack frames]]>
    </failure>
  </testcase> <!-- validateErrorMessage -->
  <testcase classname="Demo_Sep_TestCases.SEARCH_HOTEL_HOTELCONFIRMATION" name="validateErrorMessage" time="0.006">
    <failure type="java.lang.IllegalArgumentException" message="Input must be set">
      <![CDATA[java.lang.IllegalArgumentException: Input must be set
at org.openqa.selenium.internal.Require.nonNull(Require.java:60)
at org.openqa.selenium.support.ui.FluentWait.<init>(FluentWait.java:94)
at org.openqa.selenium.support.ui.WebDriverWait.<init>(WebDriverWait.java:74)
at org.openqa.selenium.support.ui.WebDriverWait.<init>(WebDriverWait.java:43)
at POMfile.loginPage.loginAction(loginPage.java:49)
at POMfile.loginPage.login(loginPage.java:69)
at Demo_Sep_TestCases.SEARCH_HOTEL_HOTELCONFIRMATION.validateErrorMessage(SEARCH_HOTEL_HOTELCONFIRMATION.java:43)
at java.base/java.util.ArrayList.forEach(ArrayList.java:1511)
... Removed 25 stack frames]]>
    </failure>
  </testcase> <!-- validateErrorMessage -->
  <testcase classname="Demo_Sep_TestCases.SEARCH_HOTEL_HOTELCONFIRMATION" name="validateErrorMessage" time="0.004">
    <failure type="java.lang.IllegalArgumentException" message="Input must be set">
      <![CDATA[java.lang.IllegalArgumentException: Input must be set
at org.openqa.selenium.internal.Require.nonNull(Require.java:60)
at org.openqa.selenium.support.ui.FluentWait.<init>(FluentWait.java:94)
at org.openqa.selenium.support.ui.WebDriverWait.<init>(WebDriverWait.java:74)
at org.openqa.selenium.support.ui.WebDriverWait.<init>(WebDriverWait.java:43)
at POMfile.loginPage.loginAction(loginPage.java:49)
at POMfile.loginPage.login(loginPage.java:69)
at Demo_Sep_TestCases.SEARCH_HOTEL_HOTELCONFIRMATION.validateErrorMessage(SEARCH_HOTEL_HOTELCONFIRMATION.java:43)
at java.base/java.util.ArrayList.forEach(ArrayList.java:1511)
... Removed 25 stack frames]]>
    </failure>
  </testcase> <!-- validateErrorMessage -->
  <testcase classname="Demo_Sep_TestCases.SEARCH_HOTEL_HOTELCONFIRMATION" name="validateErrorMessage" time="0.004">
    <failure type="java.lang.IllegalArgumentException" message="Input must be set">
      <![CDATA[java.lang.IllegalArgumentException: Input must be set
at org.openqa.selenium.internal.Require.nonNull(Require.java:60)
at org.openqa.selenium.support.ui.FluentWait.<init>(FluentWait.java:94)
at org.openqa.selenium.support.ui.WebDriverWait.<init>(WebDriverWait.java:74)
at org.openqa.selenium.support.ui.WebDriverWait.<init>(WebDriverWait.java:43)
at POMfile.loginPage.loginAction(loginPage.java:49)
at POMfile.loginPage.login(loginPage.java:69)
at Demo_Sep_TestCases.SEARCH_HOTEL_HOTELCONFIRMATION.validateErrorMessage(SEARCH_HOTEL_HOTELCONFIRMATION.java:43)
at java.base/java.util.ArrayList.forEach(ArrayList.java:1511)
... Removed 25 stack frames]]>
    </failure>
  </testcase> <!-- validateErrorMessage -->
  <testcase classname="Demo_Sep_TestCases.SEARCH_HOTEL_HOTELCONFIRMATION" name="validatehotelSelectTitle" time="0.006">
    <failure type="java.lang.IllegalArgumentException" message="Input must be set">
      <![CDATA[java.lang.IllegalArgumentException: Input must be set
at org.openqa.selenium.internal.Require.nonNull(Require.java:60)
at org.openqa.selenium.support.ui.FluentWait.<init>(FluentWait.java:94)
at org.openqa.selenium.support.ui.WebDriverWait.<init>(WebDriverWait.java:74)
at org.openqa.selenium.support.ui.WebDriverWait.<init>(WebDriverWait.java:43)
at POMfile.loginPage.loginAction(loginPage.java:49)
at POMfile.loginPage.login(loginPage.java:69)
at Demo_Sep_TestCases.SEARCH_HOTEL_HOTELCONFIRMATION.validatehotelSelectTitle(SEARCH_HOTEL_HOTELCONFIRMATION.java:98)
at java.base/java.util.ArrayList.forEach(ArrayList.java:1511)
... Removed 25 stack frames]]>
    </failure>
  </testcase> <!-- validatehotelSelectTitle -->
  <testcase classname="Demo_Sep_TestCases.SEARCH_HOTEL_HOTELCONFIRMATION" name="validatehotelSelectTitle" time="0.005">
    <failure type="java.lang.IllegalArgumentException" message="Input must be set">
      <![CDATA[java.lang.IllegalArgumentException: Input must be set
at org.openqa.selenium.internal.Require.nonNull(Require.java:60)
at org.openqa.selenium.support.ui.FluentWait.<init>(FluentWait.java:94)
at org.openqa.selenium.support.ui.WebDriverWait.<init>(WebDriverWait.java:74)
at org.openqa.selenium.support.ui.WebDriverWait.<init>(WebDriverWait.java:43)
at POMfile.loginPage.loginAction(loginPage.java:49)
at POMfile.loginPage.login(loginPage.java:69)
at Demo_Sep_TestCases.SEARCH_HOTEL_HOTELCONFIRMATION.validatehotelSelectTitle(SEARCH_HOTEL_HOTELCONFIRMATION.java:98)
at java.base/java.util.ArrayList.forEach(ArrayList.java:1511)
... Removed 25 stack frames]]>
    </failure>
  </testcase> <!-- validatehotelSelectTitle -->
  <testcase classname="Demo_Sep_TestCases.BOOK_HOTEL_SUCCESSFUL_BOOKING" name="validateBookHotel" time="0.017">
    <failure type="java.lang.IllegalArgumentException" message="Input must be set">
      <![CDATA[java.lang.IllegalArgumentException: Input must be set
at org.openqa.selenium.internal.Require.nonNull(Require.java:60)
at org.openqa.selenium.support.ui.FluentWait.<init>(FluentWait.java:94)
at org.openqa.selenium.support.ui.WebDriverWait.<init>(WebDriverWait.java:74)
at org.openqa.selenium.support.ui.WebDriverWait.<init>(WebDriverWait.java:43)
at POMfile.loginPage.loginAction(loginPage.java:49)
at POMfile.loginPage.login(loginPage.java:69)
at POMfile.serachHotelPage.hotelDetailsSubmission(serachHotelPage.java:278)
at Demo_Sep_TestCases.BOOK_HOTEL_SUCCESSFUL_BOOKING.validateBookHotel(BOOK_HOTEL_SUCCESSFUL_BOOKING.java:40)
at java.base/java.util.ArrayList.forEach(ArrayList.java:1511)
... Removed 25 stack frames]]>
    </failure>
  </testcase> <!-- validateBookHotel -->
  <testcase classname="Demo_Sep_TestCases.HOMEPAGE_CURRENTURLVERIFICATION" name="VerifyHoomepageCurrentUrl" time="0.012">
    <failure type="java.lang.IllegalArgumentException" message="Input must be set">
      <![CDATA[java.lang.IllegalArgumentException: Input must be set
at org.openqa.selenium.internal.Require.nonNull(Require.java:60)
at org.openqa.selenium.support.ui.FluentWait.<init>(FluentWait.java:94)
at org.openqa.selenium.support.ui.WebDriverWait.<init>(WebDriverWait.java:74)
at org.openqa.selenium.support.ui.WebDriverWait.<init>(WebDriverWait.java:43)
at POMfile.loginPage.loginAction(loginPage.java:49)
at POMfile.loginPage.login(loginPage.java:69)
at Demo_Sep_TestCases.HOMEPAGE_CURRENTURLVERIFICATION.VerifyHoomepageCurrentUrl(HOMEPAGE_CURRENTURLVERIFICATION.java:37)
at java.base/java.util.ArrayList.forEach(ArrayList.java:1511)
... Removed 25 stack frames]]>
    </failure>
  </testcase> <!-- VerifyHoomepageCurrentUrl -->
  <testcase classname="Demo_Sep_TestCases.SEARCH_HOTEL_DATEINTEGRATIONIT" name="verify_date_time" time="0.023">
    <failure type="java.lang.IllegalArgumentException" message="Input must be set">
      <![CDATA[java.lang.IllegalArgumentException: Input must be set
at org.openqa.selenium.internal.Require.nonNull(Require.java:60)
at org.openqa.selenium.support.ui.FluentWait.<init>(FluentWait.java:94)
at org.openqa.selenium.support.ui.WebDriverWait.<init>(WebDriverWait.java:74)
at org.openqa.selenium.support.ui.WebDriverWait.<init>(WebDriverWait.java:43)
at POMfile.loginPage.loginAction(loginPage.java:49)
at POMfile.loginPage.login(loginPage.java:69)
at POMfile.serachHotelPage.hotelDetailsSubmission(serachHotelPage.java:278)
at Demo_Sep_TestCases.SEARCH_HOTEL_DATEINTEGRATIONIT.verify_date_time(SEARCH_HOTEL_DATEINTEGRATIONIT.java:55)
at java.base/java.util.ArrayList.forEach(ArrayList.java:1511)
... Removed 25 stack frames]]>
    </failure>
  </testcase> <!-- verify_date_time -->
  <testcase classname="Demo_Sep_TestCases.HOMEPAGE_TITLE_VERIFICATION" name="validateHomepageTitle" time="0.006">
    <failure type="java.lang.IllegalArgumentException" message="Input must be set">
      <![CDATA[java.lang.IllegalArgumentException: Input must be set
at org.openqa.selenium.internal.Require.nonNull(Require.java:60)
at org.openqa.selenium.support.ui.FluentWait.<init>(FluentWait.java:94)
at org.openqa.selenium.support.ui.WebDriverWait.<init>(WebDriverWait.java:74)
at org.openqa.selenium.support.ui.WebDriverWait.<init>(WebDriverWait.java:43)
at POMfile.HomePage.getHomePageTitle(HomePage.java:41)
at Demo_Sep_TestCases.HOMEPAGE_TITLE_VERIFICATION.validateHomepageTitle(HOMEPAGE_TITLE_VERIFICATION.java:39)
at java.base/java.util.ArrayList.forEach(ArrayList.java:1511)
... Removed 25 stack frames]]>
    </failure>
  </testcase> <!-- validateHomepageTitle -->
  <testcase classname="Demo_Sep_TestCases.BOOK_HOTEL_PRICE_TEST" name="validatehotelSelectTitle" time="0.0">
    <failure type="org.testng.TestNGException" message="
Method public void Demo_Sep_TestCases.BOOK_HOTEL_PRICE_TEST.validatehotelSelectTitle(java.lang.String,java.lang.String,java.lang.String,java.lang.String,java.lang.String,java.lang.String,java.lang.String,java.lang.String) throws java.lang.InterruptedException,java.io.IOException requires a @DataProvider named : test2">
      <![CDATA[org.testng.TestNGException: 
Method public void Demo_Sep_TestCases.BOOK_HOTEL_PRICE_TEST.validatehotelSelectTitle(java.lang.String,java.lang.String,java.lang.String,java.lang.String,java.lang.String,java.lang.String,java.lang.String,java.lang.String) throws java.lang.InterruptedException,java.io.IOException requires a @DataProvider named : test2
at java.base/java.util.ArrayList.forEach(ArrayList.java:1511)
... Removed 24 stack frames]]>
    </failure>
  </testcase> <!-- validatehotelSelectTitle -->
  <testcase classname="Demo_Sep_TestCases.BOOK_HOTEL_PRICE_TEST" name="vlaidate_pricefield_bookedhotel_Page" time="0.007">
    <failure type="java.lang.IllegalArgumentException" message="Input must be set">
      <![CDATA[java.lang.IllegalArgumentException: Input must be set
at org.openqa.selenium.internal.Require.nonNull(Require.java:60)
at org.openqa.selenium.support.ui.FluentWait.<init>(FluentWait.java:94)
at org.openqa.selenium.support.ui.WebDriverWait.<init>(WebDriverWait.java:74)
at org.openqa.selenium.support.ui.WebDriverWait.<init>(WebDriverWait.java:43)
at POMfile.loginPage.loginAction(loginPage.java:49)
at POMfile.loginPage.login(loginPage.java:69)
at Demo_Sep_TestCases.BOOK_HOTEL_PRICE_TEST.vlaidate_pricefield_bookedhotel_Page(BOOK_HOTEL_PRICE_TEST.java:46)
at java.base/java.util.ArrayList.forEach(ArrayList.java:1511)
... Removed 25 stack frames]]>
    </failure>
  </testcase> <!-- vlaidate_pricefield_bookedhotel_Page -->
</testsuite> <!-- Test -->
